xmelab(64): 23.03-s013: (c) Copyright 1995-2024 Cadence Design Systems, Inc.
TOOL:	xmelab(64)	23.03-s013: Started on Dec 06, 2024 at 14:53:39 KST
xmelab
    -MESS
    -access +rwc
    tb_adder

	Elaborating the design hierarchy:
		Caching library 'work_lib' ....... Done
	Building instance overlay tables: .................... Done
	Generating native compiled code:
		work_lib.adder:module <0x0a849e9f>
			streams:   9, words:  2963
		work_lib.tb_adder:module <0x38be4c30>
			streams:   8, words:  7014
	Building instance specific data structures.
	Loading native compiled code:     .................... Done
	Design hierarchy summary:
		                 Instances  Unique
		Modules:                 2       2
		Registers:               9       9
		Scalar wires:            2       -
		Vectored wires:          5       -
		Always blocks:           4       4
		Initial blocks:          1       1
		Pseudo assignments:      6       -
		Simulation timescale:  1ps
	Writing initial simulation snapshot: work_lib.tb_adder:module
TOOL:	xmelab(64)	23.03-s013: Exiting on Dec 06, 2024 at 14:53:39 KST  (total: 00:00:00)
